MORNING MARKET BRIEF
2026년 3월 19일 목요일 · 3분 읽기
S&P 500
▼ -0.7%
나스닥
▼ -0.8%
BTC
▼ -3.6%
VIX
▲ 25.1
■ 오늘의 핵심
- 연준의 '유지' 결정과 파월의 보수적 발언이 달러·채권금리를 지지하면서 미 증시와 기술주들이 부담을 받았고, 동시에 SEC의 나스닥 토큰화 승인과 엔비디아의 대규모 데이터 공개는 장기 구조적 변화(토큰화·AI 인프라) 기대를 키우고 있어요.
● - 단기적으로는 금리·달러 강세가 위험자산(주식·암호화폐)에 압박을 주는 반면, 토큰화·AI 관련 인프라는 기회로 읽히는 상황이에요.
● - 보조 근거: sonar의 핵심 내러티브는 "토큰화 승인 + 40배 성장한 토큰화 시장, 그리고 엔비디아의 데이터 공개가 디지털 금융 인프라 전환을 촉진"이라고 연결하고 있어요.
● 이상 움직임 감지
● - VIX가 25.09로 전일대비 +12.16%로 꽤 올랐어요. VIX는 시장의 불안감을 숫자로 나타낸 지표예요. 높을수록 투자자들이 불안해한다는 뜻이에요.
■ 핵심 뉴스
① SEC Approves Nasdaq Proposal for Tokenized Trading of Stocks & ETFs — 뉴스출처
This marks a significant step in bridging traditional equity markets with blockchain technology, potentially enabling faster settlement, greater efficiency, and broader institutional adoption of tokenization in U.S.

equities.
원문 보기 →
● 핵심 한줄: SEC Approves Nasdaq Proposal for Tokenized Trading of Stocks & ETFs
② NVIDIA Releases Massive Open Models Dataset for Agentic AI, Robotics and Research — 뉴스출처
Major product announcement expanding open-source contributions in physical and agentic AI, directly supporting ecosystem growth and specialized model training at scale.
원문 보기 →
● 핵심 한줄: NVIDIA Releases Massive Open Models Dataset for Agentic AI, Robotics and Research
③ Tokenized Equities Surge from Under $100M to Over $4B Since Start of 2025 — 뉴스출처
This rapid growth highlights accelerating institutional interest and market momentum in tokenizing traditional equity assets, signaling a material shift toward on-chain equity infrastructure.
원문 보기 →
● 핵심 한줄: Tokenized Equities Surge from Under $100M to Over $4B Since Start of 2025
④ monetary20260318a1.htm — 뉴스출처
None None
원문 보기 →
● 핵심 한줄: monetary20260318a1.htm
⑤ monetary20260318a1.pdf — 뉴스출처
None None

왜 중요한지
AI·빅테크과 거시경제 흐름이 겹치는 구간이라, 개별 뉴스보다 흐름 간 연결을 함께 보는 편이 적절합니다.
원문 보기 →
● 핵심 한줄: monetary20260318a1.pdf
■ BTC & 크립토
BTC $69,148 ▼ -3.6%	공포탐욕 23 / 100 Extreme Fear
ETF	가격	등락	거래량
IBIT	$39.3012	▼ -2.4%	$0
FBTC	$60.4	▼ -2.4%	$0
ARKB	$23.02	▼ -2.4%	$0
BITB	$37.67	▼ -2.4%	$0
GBTC	$54.015	▼ -2.4%	$0
합산 거래량	$10.7M
기관 보유 현황
Bitwise BITB — 38,921 BTC · AUM $2,764,241,152
iShares IBIT — 786,105 BTC · AUM $55,986,997,560
■ 시장 지표
SPY	S&P 500	656.86	▼ -0.7%
QQQ	나스닥	589.92	▼ -0.8%
빅테크 10종
TSM	▼ -2.0%
AMZN	▼ -1.4%
NVDA	▼ -1.4%
META	▼ -1.3%
GOOGL	▼ -1.1%
AVGO	▼ -1.1%
AMD	▼ -1.1%
MSFT	▼ -0.8%
ASML	▼ -0.7%
AAPL	▲ +0.2%
거시 지표
미국 10년물 국채금리	4.20% (전일)	— 전일대비 -0.71%
미국 2년물 국채금리	3.68%	— 변동 0.00%
미국 3개월물 단기금리	3.612% (전일)	— 전일대비 +0.06%
장단기 스프레드(10년−2년)	0.52% 포인트	— 계산상, 4.20%−3.68%
달러 인덱스(DXY)	99.873 (전일)	— 전일대비 +0.55%
VIX(변동성 지수)	25.09 (전일)	— 전일대비 +12.16%
원/달러 환율	1,495.57원 (전일)	— 전일대비 +0.72%
나스닥 선물	24,415.75 (전일)	— 전일대비 -0.08%
데이터: FRED · Stooq · CoinGecko · Perplexity · Grok X Search
본 메일은 공개 시장 데이터 기반 정보성 브리핑이며 투자 권유가 아닙니다.
구독 해지 · GitHub
